[2026-02-18T09:07:50.706Z] User: 994c58b2-38f9-4eab-8a54-6edb9e8998d2 - Boards Found: 1
 - Board: Board này dùng để test web (96346223-c2c2-467d-b369-c31bcbfaad6e) | Visibility: 'private' | Workspace: 78750663-041c-4a4c-91b7-98bd1e8019eb | MembersCount: 1
   -> Member: d980fd6a-dd6d-444f-a5c5-4a38653a7b7a (Role: eeb1a422-7891-406f-bfdb-49bcc96f8d7e, Status: active)
[2026-02-18T09:07:51.903Z] User: 994c58b2-38f9-4eab-8a54-6edb9e8998d2 - Boards Found: 1
 - Board: Board này dùng để test web (96346223-c2c2-467d-b369-c31bcbfaad6e) | Visibility: 'private' | Workspace: 78750663-041c-4a4c-91b7-98bd1e8019eb | MembersCount: 1
   -> Member: d980fd6a-dd6d-444f-a5c5-4a38653a7b7a (Role: eeb1a422-7891-406f-bfdb-49bcc96f8d7e, Status: active)
[2026-02-18T09:07:53.154Z] User: 994c58b2-38f9-4eab-8a54-6edb9e8998d2 - Boards Found: 1
 - Board: Board này dùng để test web (96346223-c2c2-467d-b369-c31bcbfaad6e) | Visibility: 'private' | Workspace: 78750663-041c-4a4c-91b7-98bd1e8019eb | MembersCount: 1
   -> Member: d980fd6a-dd6d-444f-a5c5-4a38653a7b7a (Role: eeb1a422-7891-406f-bfdb-49bcc96f8d7e, Status: active)
[2026-02-18T09:07:54.390Z] User: 994c58b2-38f9-4eab-8a54-6edb9e8998d2 - Boards Found: 1
 - Board: Board này dùng để test web (96346223-c2c2-467d-b369-c31bcbfaad6e) | Visibility: 'private' | Workspace: 78750663-041c-4a4c-91b7-98bd1e8019eb | MembersCount: 1
   -> Member: d980fd6a-dd6d-444f-a5c5-4a38653a7b7a (Role: eeb1a422-7891-406f-bfdb-49bcc96f8d7e, Status: active)
[2026-02-18T09:08:04.436Z] User: 994c58b2-38f9-4eab-8a54-6edb9e8998d2 - Boards Found: 1
 - Board: Board này dùng để test web (96346223-c2c2-467d-b369-c31bcbfaad6e) | Visibility: 'private' | Workspace: 78750663-041c-4a4c-91b7-98bd1e8019eb | MembersCount: 1
   -> Member: d980fd6a-dd6d-444f-a5c5-4a38653a7b7a (Role: eeb1a422-7891-406f-bfdb-49bcc96f8d7e, Status: active)
[2026-02-18T09:08:05.660Z] User: 994c58b2-38f9-4eab-8a54-6edb9e8998d2 - Boards Found: 1
 - Board: Board này dùng để test web (96346223-c2c2-467d-b369-c31bcbfaad6e) | Visibility: 'private' | Workspace: 78750663-041c-4a4c-91b7-98bd1e8019eb | MembersCount: 1
   -> Member: d980fd6a-dd6d-444f-a5c5-4a38653a7b7a (Role: eeb1a422-7891-406f-bfdb-49bcc96f8d7e, Status: active)
[2026-02-18T09:08:06.859Z] User: 994c58b2-38f9-4eab-8a54-6edb9e8998d2 - Boards Found: 1
 - Board: Board này dùng để test web (96346223-c2c2-467d-b369-c31bcbfaad6e) | Visibility: 'private' | Workspace: 78750663-041c-4a4c-91b7-98bd1e8019eb | MembersCount: 1
   -> Member: d980fd6a-dd6d-444f-a5c5-4a38653a7b7a (Role: eeb1a422-7891-406f-bfdb-49bcc96f8d7e, Status: active)
[2026-02-18T09:08:08.062Z] User: 994c58b2-38f9-4eab-8a54-6edb9e8998d2 - Boards Found: 1
 - Board: Board này dùng để test web (96346223-c2c2-467d-b369-c31bcbfaad6e) | Visibility: 'private' | Workspace: 78750663-041c-4a4c-91b7-98bd1e8019eb | MembersCount: 1
   -> Member: d980fd6a-dd6d-444f-a5c5-4a38653a7b7a (Role: eeb1a422-7891-406f-bfdb-49bcc96f8d7e, Status: active)
[2026-02-18T09:08:17.972Z] User: 90abf2b2-6f1a-4349-8284-6ae3f32e02bd - Boards Found: 1
 - Board: Board này dùng để test web (96346223-c2c2-467d-b369-c31bcbfaad6e) | Visibility: 'private' | Workspace: 78750663-041c-4a4c-91b7-98bd1e8019eb | MembersCount: 1
   -> Member: f200aa4a-a318-432d-836a-c2f0d92de5d9 (Role: 3f9e61ae-7b97-4ebb-9556-6fb6e1fa6315, Status: pending)
[2026-02-18T09:08:19.282Z] User: 90abf2b2-6f1a-4349-8284-6ae3f32e02bd - Boards Found: 1
 - Board: Board này dùng để test web (96346223-c2c2-467d-b369-c31bcbfaad6e) | Visibility: 'private' | Workspace: 78750663-041c-4a4c-91b7-98bd1e8019eb | MembersCount: 1
   -> Member: f200aa4a-a318-432d-836a-c2f0d92de5d9 (Role: 3f9e61ae-7b97-4ebb-9556-6fb6e1fa6315, Status: pending)
[2026-02-18T09:08:20.694Z] User: 90abf2b2-6f1a-4349-8284-6ae3f32e02bd - Boards Found: 1
 - Board: Board này dùng để test web (96346223-c2c2-467d-b369-c31bcbfaad6e) | Visibility: 'private' | Workspace: 78750663-041c-4a4c-91b7-98bd1e8019eb | MembersCount: 1
   -> Member: f200aa4a-a318-432d-836a-c2f0d92de5d9 (Role: 3f9e61ae-7b97-4ebb-9556-6fb6e1fa6315, Status: pending)
[2026-02-18T09:08:23.077Z] User: 90abf2b2-6f1a-4349-8284-6ae3f32e02bd - Boards Found: 1
 - Board: Board này dùng để test web (96346223-c2c2-467d-b369-c31bcbfaad6e) | Visibility: 'private' | Workspace: 78750663-041c-4a4c-91b7-98bd1e8019eb | MembersCount: 1
   -> Member: f200aa4a-a318-432d-836a-c2f0d92de5d9 (Role: 3f9e61ae-7b97-4ebb-9556-6fb6e1fa6315, Status: pending)
[2026-02-18T09:08:47.901Z] CHECK PERMISSION: User=90abf2b2-6f1a-4349-8284-6ae3f32e02bd Board=96346223-c2c2-467d-b369-c31bcbfaad6e Policy=disabled
[2026-02-18T09:14:06.570Z] User: 90abf2b2-6f1a-4349-8284-6ae3f32e02bd - Boards Found: 1
 - Board: Board này dùng để test web (96346223-c2c2-467d-b369-c31bcbfaad6e) | Visibility: 'private' | Workspace: 78750663-041c-4a4c-91b7-98bd1e8019eb | MembersCount: 1
   -> Member: f200aa4a-a318-432d-836a-c2f0d92de5d9 (Role: 3f9e61ae-7b97-4ebb-9556-6fb6e1fa6315, Status: pending)
[2026-02-18T09:14:07.760Z] User: 90abf2b2-6f1a-4349-8284-6ae3f32e02bd - Boards Found: 1
 - Board: Board này dùng để test web (96346223-c2c2-467d-b369-c31bcbfaad6e) | Visibility: 'private' | Workspace: 78750663-041c-4a4c-91b7-98bd1e8019eb | MembersCount: 1
   -> Member: f200aa4a-a318-432d-836a-c2f0d92de5d9 (Role: 3f9e61ae-7b97-4ebb-9556-6fb6e1fa6315, Status: pending)
[2026-02-18T09:14:08.980Z] User: 90abf2b2-6f1a-4349-8284-6ae3f32e02bd - Boards Found: 1
 - Board: Board này dùng để test web (96346223-c2c2-467d-b369-c31bcbfaad6e) | Visibility: 'private' | Workspace: 78750663-041c-4a4c-91b7-98bd1e8019eb | MembersCount: 1
   -> Member: f200aa4a-a318-432d-836a-c2f0d92de5d9 (Role: 3f9e61ae-7b97-4ebb-9556-6fb6e1fa6315, Status: pending)
[2026-02-18T09:14:10.176Z] User: 90abf2b2-6f1a-4349-8284-6ae3f32e02bd - Boards Found: 1
 - Board: Board này dùng để test web (96346223-c2c2-467d-b369-c31bcbfaad6e) | Visibility: 'private' | Workspace: 78750663-041c-4a4c-91b7-98bd1e8019eb | MembersCount: 1
   -> Member: f200aa4a-a318-432d-836a-c2f0d92de5d9 (Role: 3f9e61ae-7b97-4ebb-9556-6fb6e1fa6315, Status: pending)
[2026-02-18T09:14:24.106Z] User: 90abf2b2-6f1a-4349-8284-6ae3f32e02bd - Boards Found: 1
 - Board: Board này dùng để test web (96346223-c2c2-467d-b369-c31bcbfaad6e) | Visibility: 'private' | Workspace: 78750663-041c-4a4c-91b7-98bd1e8019eb | MembersCount: 1
   -> Member: f200aa4a-a318-432d-836a-c2f0d92de5d9 (Role: 3f9e61ae-7b97-4ebb-9556-6fb6e1fa6315, Status: pending)
[2026-02-18T09:14:25.325Z] User: 90abf2b2-6f1a-4349-8284-6ae3f32e02bd - Boards Found: 1
 - Board: Board này dùng để test web (96346223-c2c2-467d-b369-c31bcbfaad6e) | Visibility: 'private' | Workspace: 78750663-041c-4a4c-91b7-98bd1e8019eb | MembersCount: 1
   -> Member: f200aa4a-a318-432d-836a-c2f0d92de5d9 (Role: 3f9e61ae-7b97-4ebb-9556-6fb6e1fa6315, Status: pending)
[2026-02-18T09:14:26.553Z] User: 90abf2b2-6f1a-4349-8284-6ae3f32e02bd - Boards Found: 1
 - Board: Board này dùng để test web (96346223-c2c2-467d-b369-c31bcbfaad6e) | Visibility: 'private' | Workspace: 78750663-041c-4a4c-91b7-98bd1e8019eb | MembersCount: 1
   -> Member: f200aa4a-a318-432d-836a-c2f0d92de5d9 (Role: 3f9e61ae-7b97-4ebb-9556-6fb6e1fa6315, Status: pending)
[2026-02-18T09:14:27.772Z] User: 90abf2b2-6f1a-4349-8284-6ae3f32e02bd - Boards Found: 1
 - Board: Board này dùng để test web (96346223-c2c2-467d-b369-c31bcbfaad6e) | Visibility: 'private' | Workspace: 78750663-041c-4a4c-91b7-98bd1e8019eb | MembersCount: 1
   -> Member: f200aa4a-a318-432d-836a-c2f0d92de5d9 (Role: 3f9e61ae-7b97-4ebb-9556-6fb6e1fa6315, Status: pending)
[2026-02-18T09:14:36.286Z] User: 994c58b2-38f9-4eab-8a54-6edb9e8998d2 - Boards Found: 1
 - Board: Board này dùng để test web (96346223-c2c2-467d-b369-c31bcbfaad6e) | Visibility: 'private' | Workspace: 78750663-041c-4a4c-91b7-98bd1e8019eb | MembersCount: 1
   -> Member: d980fd6a-dd6d-444f-a5c5-4a38653a7b7a (Role: eeb1a422-7891-406f-bfdb-49bcc96f8d7e, Status: active)
[2026-02-18T09:14:37.504Z] User: 994c58b2-38f9-4eab-8a54-6edb9e8998d2 - Boards Found: 1
 - Board: Board này dùng để test web (96346223-c2c2-467d-b369-c31bcbfaad6e) | Visibility: 'private' | Workspace: 78750663-041c-4a4c-91b7-98bd1e8019eb | MembersCount: 1
   -> Member: d980fd6a-dd6d-444f-a5c5-4a38653a7b7a (Role: eeb1a422-7891-406f-bfdb-49bcc96f8d7e, Status: active)
[2026-02-18T09:14:39.034Z] User: 994c58b2-38f9-4eab-8a54-6edb9e8998d2 - Boards Found: 1
 - Board: Board này dùng để test web (96346223-c2c2-467d-b369-c31bcbfaad6e) | Visibility: 'private' | Workspace: 78750663-041c-4a4c-91b7-98bd1e8019eb | MembersCount: 1
   -> Member: d980fd6a-dd6d-444f-a5c5-4a38653a7b7a (Role: eeb1a422-7891-406f-bfdb-49bcc96f8d7e, Status: active)
[2026-02-18T09:14:40.253Z] User: 994c58b2-38f9-4eab-8a54-6edb9e8998d2 - Boards Found: 1
 - Board: Board này dùng để test web (96346223-c2c2-467d-b369-c31bcbfaad6e) | Visibility: 'private' | Workspace: 78750663-041c-4a4c-91b7-98bd1e8019eb | MembersCount: 1
   -> Member: d980fd6a-dd6d-444f-a5c5-4a38653a7b7a (Role: eeb1a422-7891-406f-bfdb-49bcc96f8d7e, Status: active)
[2026-02-18T09:14:53.552Z] UPDATE BOARD 96346223-c2c2-467d-b369-c31bcbfaad6e: {"commentPolicy":"members","memberManagePolicy":"all_members"}
[2026-02-18T09:14:59.374Z] User: 994c58b2-38f9-4eab-8a54-6edb9e8998d2 - Boards Found: 1
 - Board: Board này dùng để test web (96346223-c2c2-467d-b369-c31bcbfaad6e) | Visibility: 'private' | Workspace: 78750663-041c-4a4c-91b7-98bd1e8019eb | MembersCount: 1
   -> Member: d980fd6a-dd6d-444f-a5c5-4a38653a7b7a (Role: eeb1a422-7891-406f-bfdb-49bcc96f8d7e, Status: active)
[2026-02-18T09:15:00.593Z] User: 994c58b2-38f9-4eab-8a54-6edb9e8998d2 - Boards Found: 1
 - Board: Board này dùng để test web (96346223-c2c2-467d-b369-c31bcbfaad6e) | Visibility: 'private' | Workspace: 78750663-041c-4a4c-91b7-98bd1e8019eb | MembersCount: 1
   -> Member: d980fd6a-dd6d-444f-a5c5-4a38653a7b7a (Role: eeb1a422-7891-406f-bfdb-49bcc96f8d7e, Status: active)
[2026-02-18T09:15:01.810Z] User: 994c58b2-38f9-4eab-8a54-6edb9e8998d2 - Boards Found: 1
 - Board: Board này dùng để test web (96346223-c2c2-467d-b369-c31bcbfaad6e) | Visibility: 'private' | Workspace: 78750663-041c-4a4c-91b7-98bd1e8019eb | MembersCount: 1
   -> Member: d980fd6a-dd6d-444f-a5c5-4a38653a7b7a (Role: eeb1a422-7891-406f-bfdb-49bcc96f8d7e, Status: active)
[2026-02-18T09:15:03.028Z] User: 994c58b2-38f9-4eab-8a54-6edb9e8998d2 - Boards Found: 1
 - Board: Board này dùng để test web (96346223-c2c2-467d-b369-c31bcbfaad6e) | Visibility: 'private' | Workspace: 78750663-041c-4a4c-91b7-98bd1e8019eb | MembersCount: 1
   -> Member: d980fd6a-dd6d-444f-a5c5-4a38653a7b7a (Role: eeb1a422-7891-406f-bfdb-49bcc96f8d7e, Status: active)
[2026-02-18T09:15:11.362Z] User: 994c58b2-38f9-4eab-8a54-6edb9e8998d2 - Boards Found: 1
 - Board: Board này dùng để test web (96346223-c2c2-467d-b369-c31bcbfaad6e) | Visibility: 'private' | Workspace: 78750663-041c-4a4c-91b7-98bd1e8019eb | MembersCount: 1
   -> Member: d980fd6a-dd6d-444f-a5c5-4a38653a7b7a (Role: eeb1a422-7891-406f-bfdb-49bcc96f8d7e, Status: active)
[2026-02-18T09:15:12.584Z] User: 994c58b2-38f9-4eab-8a54-6edb9e8998d2 - Boards Found: 1
 - Board: Board này dùng để test web (96346223-c2c2-467d-b369-c31bcbfaad6e) | Visibility: 'private' | Workspace: 78750663-041c-4a4c-91b7-98bd1e8019eb | MembersCount: 1
   -> Member: d980fd6a-dd6d-444f-a5c5-4a38653a7b7a (Role: eeb1a422-7891-406f-bfdb-49bcc96f8d7e, Status: active)
[2026-02-18T09:15:13.812Z] User: 994c58b2-38f9-4eab-8a54-6edb9e8998d2 - Boards Found: 1
 - Board: Board này dùng để test web (96346223-c2c2-467d-b369-c31bcbfaad6e) | Visibility: 'private' | Workspace: 78750663-041c-4a4c-91b7-98bd1e8019eb | MembersCount: 1
   -> Member: d980fd6a-dd6d-444f-a5c5-4a38653a7b7a (Role: eeb1a422-7891-406f-bfdb-49bcc96f8d7e, Status: active)
[2026-02-18T09:15:15.050Z] User: 994c58b2-38f9-4eab-8a54-6edb9e8998d2 - Boards Found: 1
 - Board: Board này dùng để test web (96346223-c2c2-467d-b369-c31bcbfaad6e) | Visibility: 'private' | Workspace: 78750663-041c-4a4c-91b7-98bd1e8019eb | MembersCount: 1
   -> Member: d980fd6a-dd6d-444f-a5c5-4a38653a7b7a (Role: eeb1a422-7891-406f-bfdb-49bcc96f8d7e, Status: active)
[2026-02-18T09:15:22.956Z] User: 90abf2b2-6f1a-4349-8284-6ae3f32e02bd - Boards Found: 1
 - Board: Board này dùng để test web (96346223-c2c2-467d-b369-c31bcbfaad6e) | Visibility: 'private' | Workspace: 78750663-041c-4a4c-91b7-98bd1e8019eb | MembersCount: 1
   -> Member: f200aa4a-a318-432d-836a-c2f0d92de5d9 (Role: 3f9e61ae-7b97-4ebb-9556-6fb6e1fa6315, Status: pending)
[2026-02-18T09:15:24.176Z] User: 90abf2b2-6f1a-4349-8284-6ae3f32e02bd - Boards Found: 1
 - Board: Board này dùng để test web (96346223-c2c2-467d-b369-c31bcbfaad6e) | Visibility: 'private' | Workspace: 78750663-041c-4a4c-91b7-98bd1e8019eb | MembersCount: 1
   -> Member: f200aa4a-a318-432d-836a-c2f0d92de5d9 (Role: 3f9e61ae-7b97-4ebb-9556-6fb6e1fa6315, Status: pending)
[2026-02-18T09:15:25.391Z] User: 90abf2b2-6f1a-4349-8284-6ae3f32e02bd - Boards Found: 1
 - Board: Board này dùng để test web (96346223-c2c2-467d-b369-c31bcbfaad6e) | Visibility: 'private' | Workspace: 78750663-041c-4a4c-91b7-98bd1e8019eb | MembersCount: 1
   -> Member: f200aa4a-a318-432d-836a-c2f0d92de5d9 (Role: 3f9e61ae-7b97-4ebb-9556-6fb6e1fa6315, Status: pending)
[2026-02-18T09:15:26.621Z] User: 90abf2b2-6f1a-4349-8284-6ae3f32e02bd - Boards Found: 1
 - Board: Board này dùng để test web (96346223-c2c2-467d-b369-c31bcbfaad6e) | Visibility: 'private' | Workspace: 78750663-041c-4a4c-91b7-98bd1e8019eb | MembersCount: 1
   -> Member: f200aa4a-a318-432d-836a-c2f0d92de5d9 (Role: 3f9e61ae-7b97-4ebb-9556-6fb6e1fa6315, Status: pending)
[2026-02-18T09:32:31.184Z] User: 90abf2b2-6f1a-4349-8284-6ae3f32e02bd - Boards Found: 1
 - Board: Board này dùng để test web (96346223-c2c2-467d-b369-c31bcbfaad6e) | Visibility: 'private' | Workspace: 78750663-041c-4a4c-91b7-98bd1e8019eb | MembersCount: 1
   -> Member: f200aa4a-a318-432d-836a-c2f0d92de5d9 (Role: 3f9e61ae-7b97-4ebb-9556-6fb6e1fa6315, Status: pending)
[2026-02-18T09:32:32.387Z] User: 90abf2b2-6f1a-4349-8284-6ae3f32e02bd - Boards Found: 1
 - Board: Board này dùng để test web (96346223-c2c2-467d-b369-c31bcbfaad6e) | Visibility: 'private' | Workspace: 78750663-041c-4a4c-91b7-98bd1e8019eb | MembersCount: 1
   -> Member: f200aa4a-a318-432d-836a-c2f0d92de5d9 (Role: 3f9e61ae-7b97-4ebb-9556-6fb6e1fa6315, Status: pending)
[2026-02-18T09:32:33.594Z] User: 90abf2b2-6f1a-4349-8284-6ae3f32e02bd - Boards Found: 1
 - Board: Board này dùng để test web (96346223-c2c2-467d-b369-c31bcbfaad6e) | Visibility: 'private' | Workspace: 78750663-041c-4a4c-91b7-98bd1e8019eb | MembersCount: 1
   -> Member: f200aa4a-a318-432d-836a-c2f0d92de5d9 (Role: 3f9e61ae-7b97-4ebb-9556-6fb6e1fa6315, Status: pending)
[2026-02-18T09:32:34.794Z] User: 90abf2b2-6f1a-4349-8284-6ae3f32e02bd - Boards Found: 1
 - Board: Board này dùng để test web (96346223-c2c2-467d-b369-c31bcbfaad6e) | Visibility: 'private' | Workspace: 78750663-041c-4a4c-91b7-98bd1e8019eb | MembersCount: 1
   -> Member: f200aa4a-a318-432d-836a-c2f0d92de5d9 (Role: 3f9e61ae-7b97-4ebb-9556-6fb6e1fa6315, Status: pending)
[2026-02-18T09:32:59.066Z] User: 90abf2b2-6f1a-4349-8284-6ae3f32e02bd - Boards Found: 1
 - Board: Board này dùng để test web (96346223-c2c2-467d-b369-c31bcbfaad6e) | Visibility: 'private' | Workspace: 78750663-041c-4a4c-91b7-98bd1e8019eb | MembersCount: 1
   -> Member: f200aa4a-a318-432d-836a-c2f0d92de5d9 (Role: 3f9e61ae-7b97-4ebb-9556-6fb6e1fa6315, Status: pending)
[2026-02-18T09:33:00.281Z] User: 90abf2b2-6f1a-4349-8284-6ae3f32e02bd - Boards Found: 1
 - Board: Board này dùng để test web (96346223-c2c2-467d-b369-c31bcbfaad6e) | Visibility: 'private' | Workspace: 78750663-041c-4a4c-91b7-98bd1e8019eb | MembersCount: 1
   -> Member: f200aa4a-a318-432d-836a-c2f0d92de5d9 (Role: 3f9e61ae-7b97-4ebb-9556-6fb6e1fa6315, Status: pending)
[2026-02-18T09:33:01.485Z] User: 90abf2b2-6f1a-4349-8284-6ae3f32e02bd - Boards Found: 1
 - Board: Board này dùng để test web (96346223-c2c2-467d-b369-c31bcbfaad6e) | Visibility: 'private' | Workspace: 78750663-041c-4a4c-91b7-98bd1e8019eb | MembersCount: 1
   -> Member: f200aa4a-a318-432d-836a-c2f0d92de5d9 (Role: 3f9e61ae-7b97-4ebb-9556-6fb6e1fa6315, Status: pending)
[2026-02-18T09:33:02.693Z] User: 90abf2b2-6f1a-4349-8284-6ae3f32e02bd - Boards Found: 1
 - Board: Board này dùng để test web (96346223-c2c2-467d-b369-c31bcbfaad6e) | Visibility: 'private' | Workspace: 78750663-041c-4a4c-91b7-98bd1e8019eb | MembersCount: 1
   -> Member: f200aa4a-a318-432d-836a-c2f0d92de5d9 (Role: 3f9e61ae-7b97-4ebb-9556-6fb6e1fa6315, Status: pending)
